{"contracts\\Lock.sol":{"l":{"14":2,"19":1,"20":1,"27":5,"28":4,"30":3,"32":3},"path":"C:\\Users\\Usuario\\Desktop\\simpleswap-dapp\\simpleSwap-hardhat\\contracts\\Lock.sol","s":{"1":2,"2":5,"3":4,"4":3,"5":3},"b":{"1":[1,1],"2":[4,1],"3":[3,1]},"f":{"1":2,"2":5},"fnMap":{"1":{"name":"constructor","line":13,"loc":{"start":{"line":13,"column":4},"end":{"line":21,"column":4}}},"2":{"name":"withdraw","line":23,"loc":{"start":{"line":23,"column":4},"end":{"line":33,"column":4}}}},"statementMap":{"1":{"start":{"line":14,"column":8},"end":{"line":14,"column":328}},"2":{"start":{"line":27,"column":8},"end":{"line":27,"column":71}},"3":{"start":{"line":28,"column":8},"end":{"line":28,"column":59}},"4":{"start":{"line":30,"column":8},"end":{"line":30,"column":63}},"5":{"start":{"line":32,"column":8},"end":{"line":32,"column":44}}},"branchMap":{"1":{"line":14,"type":"if","locations":[{"start":{"line":14,"column":8},"end":{"line":14,"column":8}},{"start":{"line":14,"column":8},"end":{"line":14,"column":8}}]},"2":{"line":27,"type":"if","locations":[{"start":{"line":27,"column":8},"end":{"line":27,"column":8}},{"start":{"line":27,"column":8},"end":{"line":27,"column":8}}]},"3":{"line":28,"type":"if","locations":[{"start":{"line":28,"column":8},"end":{"line":28,"column":8}},{"start":{"line":28,"column":8},"end":{"line":28,"column":8}}]}}},"contracts\\SimpleSwap.sol":{"l":{"133":4,"144":6,"145":6,"146":6,"151":6,"154":6,"160":6,"168":0,"266":4,"267":4,"268":4,"270":4,"271":4,"273":4,"274":4,"275":4,"277":4,"278":4,"282":4,"284":4,"288":4,"289":4,"290":4,"291":4,"293":4,"315":1,"316":1,"318":1,"319":1,"321":1,"322":1,"324":1,"325":1,"327":1,"329":1,"330":1,"331":1,"332":1,"334":1,"335":1,"337":1,"361":1,"362":1,"363":1,"365":1,"366":1,"368":1,"370":1,"372":1,"377":1,"379":1,"380":1,"382":1,"384":1,"385":1,"386":1,"388":1,"399":1,"400":1,"401":1,"414":1,"415":1,"417":1},"path":"C:\\Users\\Usuario\\Desktop\\simpleswap-dapp\\simpleSwap-hardhat\\contracts\\SimpleSwap.sol","s":{"1":6,"2":6,"3":6,"4":0,"5":4,"6":4,"7":4,"8":4,"9":4,"10":4,"11":4,"12":4,"13":4,"14":4,"15":1,"16":1,"17":1,"18":1,"19":1,"20":1,"21":1,"22":1,"23":1,"24":1,"25":1,"26":1,"27":1,"28":1,"29":1,"30":1,"31":1,"32":1,"33":1,"34":1,"35":1,"36":1,"37":1,"38":1,"39":1},"b":{"1":[6,0],"2":[4,0],"3":[4,0],"4":[4,0],"5":[4,0],"6":[4,0],"7":[4,0],"8":[4,0],"9":[1,0],"10":[1,0],"11":[1,0],"12":[1,0],"13":[1,0],"14":[1,0],"15":[1,0],"16":[1,0],"17":[1,0],"18":[1,0],"19":[1,0],"20":[1,0],"21":[1,0]},"f":{"1":4,"2":6,"3":6,"4":6,"5":0,"6":4,"7":1,"8":1,"9":1,"10":1},"fnMap":{"1":{"name":"constructor","line":132,"loc":{"start":{"line":132,"column":4},"end":{"line":134,"column":4}}},"2":{"name":"nonReentrant","line":143,"loc":{"start":{"line":143,"column":4},"end":{"line":147,"column":4}}},"3":{"name":"_nonReentrantBefore","line":149,"loc":{"start":{"line":149,"column":4},"end":{"line":155,"column":4}}},"4":{"name":"_nonReentrantAfter","line":157,"loc":{"start":{"line":157,"column":4},"end":{"line":161,"column":4}}},"5":{"name":"_reentrancyGuardEntered","line":167,"loc":{"start":{"line":167,"column":4},"end":{"line":169,"column":4}}},"6":{"name":"addLiquidity","line":263,"loc":{"start":{"line":252,"column":4},"end":{"line":294,"column":4}}},"7":{"name":"removeLiquidity","line":314,"loc":{"start":{"line":306,"column":4},"end":{"line":345,"column":4}}},"8":{"name":"swapExactTokensForTokens","line":360,"loc":{"start":{"line":354,"column":4},"end":{"line":389,"column":4}}},"9":{"name":"getPrice","line":395,"loc":{"start":{"line":395,"column":4},"end":{"line":402,"column":4}}},"10":{"name":"getAmountOut","line":409,"loc":{"start":{"line":409,"column":4},"end":{"line":418,"column":4}}}},"statementMap":{"1":{"start":{"line":144,"column":8},"end":{"line":144,"column":28}},"2":{"start":{"line":146,"column":8},"end":{"line":146,"column":27}},"3":{"start":{"line":151,"column":8},"end":{"line":151,"column":70}},"4":{"start":{"line":168,"column":8},"end":{"line":168,"column":34}},"5":{"start":{"line":266,"column":8},"end":{"line":266,"column":54}},"6":{"start":{"line":267,"column":8},"end":{"line":267,"column":45}},"7":{"start":{"line":268,"column":8},"end":{"line":268,"column":71}},"8":{"start":{"line":270,"column":8},"end":{"line":270,"column":77}},"9":{"start":{"line":271,"column":8},"end":{"line":271,"column":77}},"10":{"start":{"line":273,"column":8},"end":{"line":273,"column":58}},"11":{"start":{"line":274,"column":8},"end":{"line":274,"column":49}},"12":{"start":{"line":275,"column":8},"end":{"line":275,"column":49}},"13":{"start":{"line":282,"column":8},"end":{"line":282,"column":74}},"14":{"start":{"line":293,"column":8},"end":{"line":293,"column":76}},"15":{"start":{"line":315,"column":8},"end":{"line":315,"column":54}},"16":{"start":{"line":316,"column":8},"end":{"line":316,"column":41}},"17":{"start":{"line":318,"column":8},"end":{"line":318,"column":58}},"18":{"start":{"line":319,"column":8},"end":{"line":319,"column":67}},"19":{"start":{"line":321,"column":8},"end":{"line":321,"column":49}},"20":{"start":{"line":322,"column":8},"end":{"line":322,"column":49}},"21":{"start":{"line":327,"column":8},"end":{"line":327,"column":74}},"22":{"start":{"line":334,"column":8},"end":{"line":334,"column":43}},"23":{"start":{"line":335,"column":8},"end":{"line":335,"column":43}},"24":{"start":{"line":337,"column":8},"end":{"line":337,"column":12393}},"25":{"start":{"line":361,"column":8},"end":{"line":361,"column":54}},"26":{"start":{"line":362,"column":8},"end":{"line":362,"column":48}},"27":{"start":{"line":363,"column":8},"end":{"line":363,"column":42}},"28":{"start":{"line":365,"column":8},"end":{"line":365,"column":33}},"29":{"start":{"line":366,"column":8},"end":{"line":366,"column":34}},"30":{"start":{"line":368,"column":8},"end":{"line":368,"column":61}},"31":{"start":{"line":370,"column":8},"end":{"line":370,"column":72}},"32":{"start":{"line":372,"column":8},"end":{"line":372,"column":13565}},"33":{"start":{"line":377,"column":8},"end":{"line":377,"column":53}},"34":{"start":{"line":382,"column":8},"end":{"line":382,"column":47}},"35":{"start":{"line":388,"column":8},"end":{"line":388,"column":78}},"36":{"start":{"line":399,"column":8},"end":{"line":399,"column":65}},"37":{"start":{"line":400,"column":8},"end":{"line":400,"column":75}},"38":{"start":{"line":414,"column":8},"end":{"line":414,"column":42}},"39":{"start":{"line":415,"column":8},"end":{"line":415,"column":59}}},"branchMap":{"1":{"line":151,"type":"if","locations":[{"start":{"line":151,"column":8},"end":{"line":151,"column":8}},{"start":{"line":151,"column":8},"end":{"line":151,"column":8}}]},"2":{"line":263,"type":"if","locations":[{"start":{"line":263,"column":8},"end":{"line":263,"column":8}},{"start":{"line":263,"column":8},"end":{"line":263,"column":8}}]},"3":{"line":266,"type":"if","locations":[{"start":{"line":266,"column":8},"end":{"line":266,"column":8}},{"start":{"line":266,"column":8},"end":{"line":266,"column":8}}]},"4":{"line":267,"type":"if","locations":[{"start":{"line":267,"column":8},"end":{"line":267,"column":8}},{"start":{"line":267,"column":8},"end":{"line":267,"column":8}}]},"5":{"line":268,"type":"if","locations":[{"start":{"line":268,"column":8},"end":{"line":268,"column":8}},{"start":{"line":268,"column":8},"end":{"line":268,"column":8}}]},"6":{"line":279,"type":"if","locations":[{"start":{"line":279,"column":14},"end":{"line":279,"column":27}},{"start":{"line":280,"column":14},"end":{"line":280,"column":51}}]},"7":{"line":282,"type":"if","locations":[{"start":{"line":282,"column":8},"end":{"line":282,"column":8}},{"start":{"line":282,"column":8},"end":{"line":282,"column":8}}]},"8":{"line":285,"type":"if","locations":[{"start":{"line":285,"column":14},"end":{"line":285,"column":20}},{"start":{"line":286,"column":14},"end":{"line":286,"column":52}}]},"9":{"line":314,"type":"if","locations":[{"start":{"line":314,"column":15},"end":{"line":314,"column":15}},{"start":{"line":314,"column":15},"end":{"line":314,"column":15}}]},"10":{"line":315,"type":"if","locations":[{"start":{"line":315,"column":8},"end":{"line":315,"column":8}},{"start":{"line":315,"column":8},"end":{"line":315,"column":8}}]},"11":{"line":316,"type":"if","locations":[{"start":{"line":316,"column":8},"end":{"line":316,"column":8}},{"start":{"line":316,"column":8},"end":{"line":316,"column":8}}]},"12":{"line":319,"type":"if","locations":[{"start":{"line":319,"column":8},"end":{"line":319,"column":8}},{"start":{"line":319,"column":8},"end":{"line":319,"column":8}}]},"13":{"line":327,"type":"if","locations":[{"start":{"line":327,"column":8},"end":{"line":327,"column":8}},{"start":{"line":327,"column":8},"end":{"line":327,"column":8}}]},"14":{"line":360,"type":"if","locations":[{"start":{"line":360,"column":15},"end":{"line":360,"column":15}},{"start":{"line":360,"column":15},"end":{"line":360,"column":15}}]},"15":{"line":361,"type":"if","locations":[{"start":{"line":361,"column":8},"end":{"line":361,"column":8}},{"start":{"line":361,"column":8},"end":{"line":361,"column":8}}]},"16":{"line":362,"type":"if","locations":[{"start":{"line":362,"column":8},"end":{"line":362,"column":8}},{"start":{"line":362,"column":8},"end":{"line":362,"column":8}}]},"17":{"line":363,"type":"if","locations":[{"start":{"line":363,"column":8},"end":{"line":363,"column":8}},{"start":{"line":363,"column":8},"end":{"line":363,"column":8}}]},"18":{"line":377,"type":"if","locations":[{"start":{"line":377,"column":8},"end":{"line":377,"column":8}},{"start":{"line":377,"column":8},"end":{"line":377,"column":8}}]},"19":{"line":400,"type":"if","locations":[{"start":{"line":400,"column":8},"end":{"line":400,"column":8}},{"start":{"line":400,"column":8},"end":{"line":400,"column":8}}]},"20":{"line":414,"type":"if","locations":[{"start":{"line":414,"column":8},"end":{"line":414,"column":8}},{"start":{"line":414,"column":8},"end":{"line":414,"column":8}}]},"21":{"line":415,"type":"if","locations":[{"start":{"line":415,"column":8},"end":{"line":415,"column":8}},{"start":{"line":415,"column":8},"end":{"line":415,"column":8}}]}}},"contracts\\tokenA.sol":{"l":{"13":4,"17":5},"path":"C:\\Users\\Usuario\\Desktop\\simpleswap-dapp\\simpleSwap-hardhat\\contracts\\tokenA.sol","s":{"1":4,"2":5},"b":{"1":[5,0]},"f":{"1":4,"2":5},"fnMap":{"1":{"name":"constructor","line":11,"loc":{"start":{"line":9,"column":4},"end":{"line":14,"column":4}}},"2":{"name":"mint","line":16,"loc":{"start":{"line":16,"column":4},"end":{"line":18,"column":4}}}},"statementMap":{"1":{"start":{"line":13,"column":8},"end":{"line":13,"column":58}},"2":{"start":{"line":17,"column":8},"end":{"line":17,"column":24}}},"branchMap":{"1":{"line":16,"type":"if","locations":[{"start":{"line":16,"column":53},"end":{"line":16,"column":53}},{"start":{"line":16,"column":53},"end":{"line":16,"column":53}}]}}},"contracts\\tokenB.sol":{"l":{"13":4,"17":4},"path":"C:\\Users\\Usuario\\Desktop\\simpleswap-dapp\\simpleSwap-hardhat\\contracts\\tokenB.sol","s":{"1":4,"2":4},"b":{"1":[4,0]},"f":{"1":4,"2":4},"fnMap":{"1":{"name":"constructor","line":11,"loc":{"start":{"line":9,"column":4},"end":{"line":14,"column":4}}},"2":{"name":"mint","line":16,"loc":{"start":{"line":16,"column":4},"end":{"line":18,"column":4}}}},"statementMap":{"1":{"start":{"line":13,"column":8},"end":{"line":13,"column":58}},"2":{"start":{"line":17,"column":8},"end":{"line":17,"column":24}}},"branchMap":{"1":{"line":16,"type":"if","locations":[{"start":{"line":16,"column":53},"end":{"line":16,"column":53}},{"start":{"line":16,"column":53},"end":{"line":16,"column":53}}]}}}}