{"contracts\\SimpleSwap.sol":{"l":{"137":25,"148":39,"149":39,"150":26,"155":39,"158":39,"164":26,"172":0,"296":26,"297":25,"298":24,"301":23,"302":23,"304":23,"305":23,"307":23,"308":23,"312":23,"314":22,"319":22,"320":22,"321":22,"322":22,"324":22,"349":6,"350":5,"352":4,"353":4,"356":3,"357":3,"359":3,"360":3,"362":3,"365":2,"366":2,"367":2,"368":2,"371":2,"372":2,"374":2,"401":7,"402":6,"403":5,"405":4,"406":4,"408":4,"409":4,"411":4,"413":4,"418":3,"421":2,"422":2,"424":2,"426":2,"427":2,"428":2,"430":2,"443":2,"444":2,"445":1,"461":8,"462":7,"464":4},"path":"C:\\Users\\Usuario\\Desktop\\ETH KIPU - Comisión PM ¦ Ethereum Developer Pack ¦ ETH Kipu - Talento Tech ¦ 2025\\Tp Modulo 4\\simpleswap-dapp\\simpleSwap-hardhat\\contracts\\SimpleSwap.sol","s":{"1":39,"2":26,"3":39,"4":0,"5":26,"6":25,"7":24,"8":23,"9":23,"10":23,"11":23,"12":23,"13":22,"14":6,"15":5,"16":4,"17":4,"18":3,"19":3,"20":3,"21":2,"22":2,"23":2,"24":7,"25":6,"26":5,"27":4,"28":4,"29":4,"30":4,"31":4,"32":4,"33":3,"34":2,"35":2,"36":2,"37":2,"38":8,"39":7},"b":{"1":[39,0],"2":[26,0],"3":[25,1],"4":[24,1],"5":[23,1],"6":[21,2],"7":[22,1],"8":[21,1],"9":[6,0],"10":[5,1],"11":[4,1],"12":[3,1],"13":[2,1],"14":[7,0],"15":[6,1],"16":[5,1],"17":[4,1],"18":[2,1],"19":[1,1],"20":[7,1],"21":[4,3]},"f":{"1":25,"2":39,"3":39,"4":26,"5":0,"6":26,"7":6,"8":7,"9":2,"10":8},"fnMap":{"1":{"name":"constructor","line":136,"loc":{"start":{"line":136,"column":4},"end":{"line":138,"column":4}}},"2":{"name":"nonReentrant","line":147,"loc":{"start":{"line":147,"column":4},"end":{"line":151,"column":4}}},"3":{"name":"_nonReentrantBefore","line":153,"loc":{"start":{"line":153,"column":4},"end":{"line":159,"column":4}}},"4":{"name":"_nonReentrantAfter","line":161,"loc":{"start":{"line":161,"column":4},"end":{"line":165,"column":4}}},"5":{"name":"_reentrancyGuardEntered","line":171,"loc":{"start":{"line":171,"column":4},"end":{"line":173,"column":4}}},"6":{"name":"addLiquidity","line":293,"loc":{"start":{"line":282,"column":4},"end":{"line":325,"column":4}}},"7":{"name":"removeLiquidity","line":348,"loc":{"start":{"line":340,"column":4},"end":{"line":382,"column":4}}},"8":{"name":"swapExactTokensForTokens","line":400,"loc":{"start":{"line":394,"column":4},"end":{"line":431,"column":4}}},"9":{"name":"getPrice","line":439,"loc":{"start":{"line":439,"column":4},"end":{"line":446,"column":4}}},"10":{"name":"getAmountOut","line":456,"loc":{"start":{"line":456,"column":4},"end":{"line":465,"column":4}}}},"statementMap":{"1":{"start":{"line":148,"column":8},"end":{"line":148,"column":28}},"2":{"start":{"line":150,"column":8},"end":{"line":150,"column":27}},"3":{"start":{"line":155,"column":8},"end":{"line":155,"column":70}},"4":{"start":{"line":172,"column":8},"end":{"line":172,"column":34}},"5":{"start":{"line":296,"column":8},"end":{"line":296,"column":54}},"6":{"start":{"line":297,"column":8},"end":{"line":297,"column":45}},"7":{"start":{"line":298,"column":8},"end":{"line":298,"column":71}},"8":{"start":{"line":301,"column":8},"end":{"line":301,"column":77}},"9":{"start":{"line":302,"column":8},"end":{"line":302,"column":77}},"10":{"start":{"line":304,"column":8},"end":{"line":304,"column":58}},"11":{"start":{"line":305,"column":8},"end":{"line":305,"column":48}},"12":{"start":{"line":312,"column":8},"end":{"line":312,"column":74}},"13":{"start":{"line":324,"column":8},"end":{"line":324,"column":76}},"14":{"start":{"line":349,"column":8},"end":{"line":349,"column":54}},"15":{"start":{"line":350,"column":8},"end":{"line":350,"column":41}},"16":{"start":{"line":352,"column":8},"end":{"line":352,"column":58}},"17":{"start":{"line":353,"column":8},"end":{"line":353,"column":67}},"18":{"start":{"line":356,"column":8},"end":{"line":356,"column":48}},"19":{"start":{"line":357,"column":8},"end":{"line":357,"column":43}},"20":{"start":{"line":362,"column":8},"end":{"line":362,"column":74}},"21":{"start":{"line":371,"column":8},"end":{"line":371,"column":43}},"22":{"start":{"line":372,"column":8},"end":{"line":372,"column":43}},"23":{"start":{"line":374,"column":8},"end":{"line":374,"column":13518}},"24":{"start":{"line":401,"column":8},"end":{"line":401,"column":54}},"25":{"start":{"line":402,"column":8},"end":{"line":402,"column":48}},"26":{"start":{"line":403,"column":8},"end":{"line":403,"column":42}},"27":{"start":{"line":405,"column":8},"end":{"line":405,"column":33}},"28":{"start":{"line":406,"column":8},"end":{"line":406,"column":34}},"29":{"start":{"line":408,"column":8},"end":{"line":408,"column":61}},"30":{"start":{"line":409,"column":8},"end":{"line":409,"column":48}},"31":{"start":{"line":411,"column":8},"end":{"line":411,"column":72}},"32":{"start":{"line":413,"column":8},"end":{"line":413,"column":14870}},"33":{"start":{"line":418,"column":8},"end":{"line":418,"column":53}},"34":{"start":{"line":424,"column":8},"end":{"line":424,"column":47}},"35":{"start":{"line":430,"column":8},"end":{"line":430,"column":78}},"36":{"start":{"line":443,"column":8},"end":{"line":443,"column":65}},"37":{"start":{"line":444,"column":8},"end":{"line":444,"column":75}},"38":{"start":{"line":461,"column":8},"end":{"line":461,"column":42}},"39":{"start":{"line":462,"column":8},"end":{"line":462,"column":59}}},"branchMap":{"1":{"line":155,"type":"if","locations":[{"start":{"line":155,"column":8},"end":{"line":155,"column":8}},{"start":{"line":155,"column":8},"end":{"line":155,"column":8}}]},"2":{"line":293,"type":"if","locations":[{"start":{"line":293,"column":8},"end":{"line":293,"column":8}},{"start":{"line":293,"column":8},"end":{"line":293,"column":8}}]},"3":{"line":296,"type":"if","locations":[{"start":{"line":296,"column":8},"end":{"line":296,"column":8}},{"start":{"line":296,"column":8},"end":{"line":296,"column":8}}]},"4":{"line":297,"type":"if","locations":[{"start":{"line":297,"column":8},"end":{"line":297,"column":8}},{"start":{"line":297,"column":8},"end":{"line":297,"column":8}}]},"5":{"line":298,"type":"if","locations":[{"start":{"line":298,"column":8},"end":{"line":298,"column":8}},{"start":{"line":298,"column":8},"end":{"line":298,"column":8}}]},"6":{"line":309,"type":"if","locations":[{"start":{"line":309,"column":14},"end":{"line":309,"column":27}},{"start":{"line":310,"column":14},"end":{"line":310,"column":69}}]},"7":{"line":312,"type":"if","locations":[{"start":{"line":312,"column":8},"end":{"line":312,"column":8}},{"start":{"line":312,"column":8},"end":{"line":312,"column":8}}]},"8":{"line":315,"type":"if","locations":[{"start":{"line":315,"column":14},"end":{"line":315,"column":20}},{"start":{"line":316,"column":14},"end":{"line":316,"column":61}}]},"9":{"line":348,"type":"if","locations":[{"start":{"line":348,"column":15},"end":{"line":348,"column":15}},{"start":{"line":348,"column":15},"end":{"line":348,"column":15}}]},"10":{"line":349,"type":"if","locations":[{"start":{"line":349,"column":8},"end":{"line":349,"column":8}},{"start":{"line":349,"column":8},"end":{"line":349,"column":8}}]},"11":{"line":350,"type":"if","locations":[{"start":{"line":350,"column":8},"end":{"line":350,"column":8}},{"start":{"line":350,"column":8},"end":{"line":350,"column":8}}]},"12":{"line":353,"type":"if","locations":[{"start":{"line":353,"column":8},"end":{"line":353,"column":8}},{"start":{"line":353,"column":8},"end":{"line":353,"column":8}}]},"13":{"line":362,"type":"if","locations":[{"start":{"line":362,"column":8},"end":{"line":362,"column":8}},{"start":{"line":362,"column":8},"end":{"line":362,"column":8}}]},"14":{"line":400,"type":"if","locations":[{"start":{"line":400,"column":15},"end":{"line":400,"column":15}},{"start":{"line":400,"column":15},"end":{"line":400,"column":15}}]},"15":{"line":401,"type":"if","locations":[{"start":{"line":401,"column":8},"end":{"line":401,"column":8}},{"start":{"line":401,"column":8},"end":{"line":401,"column":8}}]},"16":{"line":402,"type":"if","locations":[{"start":{"line":402,"column":8},"end":{"line":402,"column":8}},{"start":{"line":402,"column":8},"end":{"line":402,"column":8}}]},"17":{"line":403,"type":"if","locations":[{"start":{"line":403,"column":8},"end":{"line":403,"column":8}},{"start":{"line":403,"column":8},"end":{"line":403,"column":8}}]},"18":{"line":418,"type":"if","locations":[{"start":{"line":418,"column":8},"end":{"line":418,"column":8}},{"start":{"line":418,"column":8},"end":{"line":418,"column":8}}]},"19":{"line":444,"type":"if","locations":[{"start":{"line":444,"column":8},"end":{"line":444,"column":8}},{"start":{"line":444,"column":8},"end":{"line":444,"column":8}}]},"20":{"line":461,"type":"if","locations":[{"start":{"line":461,"column":8},"end":{"line":461,"column":8}},{"start":{"line":461,"column":8},"end":{"line":461,"column":8}}]},"21":{"line":462,"type":"if","locations":[{"start":{"line":462,"column":8},"end":{"line":462,"column":8}},{"start":{"line":462,"column":8},"end":{"line":462,"column":8}}]}}},"contracts\\tokenA.sol":{"l":{"13":24,"17":1},"path":"C:\\Users\\Usuario\\Desktop\\ETH KIPU - Comisión PM ¦ Ethereum Developer Pack ¦ ETH Kipu - Talento Tech ¦ 2025\\Tp Modulo 4\\simpleswap-dapp\\simpleSwap-hardhat\\contracts\\tokenA.sol","s":{"1":24,"2":1},"b":{"1":[1,1]},"f":{"1":24,"2":1},"fnMap":{"1":{"name":"constructor","line":11,"loc":{"start":{"line":9,"column":4},"end":{"line":14,"column":4}}},"2":{"name":"mint","line":16,"loc":{"start":{"line":16,"column":4},"end":{"line":18,"column":4}}}},"statementMap":{"1":{"start":{"line":13,"column":8},"end":{"line":13,"column":58}},"2":{"start":{"line":17,"column":8},"end":{"line":17,"column":24}}},"branchMap":{"1":{"line":16,"type":"if","locations":[{"start":{"line":16,"column":53},"end":{"line":16,"column":53}},{"start":{"line":16,"column":53},"end":{"line":16,"column":53}}]}}},"contracts\\tokenB.sol":{"l":{"10":23,"14":1},"path":"C:\\Users\\Usuario\\Desktop\\ETH KIPU - Comisión PM ¦ Ethereum Developer Pack ¦ ETH Kipu - Talento Tech ¦ 2025\\Tp Modulo 4\\simpleswap-dapp\\simpleSwap-hardhat\\contracts\\tokenB.sol","s":{"1":23,"2":1},"b":{"1":[1,1]},"f":{"1":23,"2":1},"fnMap":{"1":{"name":"constructor","line":9,"loc":{"start":{"line":9,"column":4},"end":{"line":11,"column":4}}},"2":{"name":"mint","line":13,"loc":{"start":{"line":13,"column":4},"end":{"line":15,"column":4}}}},"statementMap":{"1":{"start":{"line":10,"column":8},"end":{"line":10,"column":57}},"2":{"start":{"line":14,"column":8},"end":{"line":14,"column":24}}},"branchMap":{"1":{"line":13,"type":"if","locations":[{"start":{"line":13,"column":53},"end":{"line":13,"column":53}},{"start":{"line":13,"column":53},"end":{"line":13,"column":53}}]}}}}